INFO [2022-05-04 12:45:21] $x
INFO [2022-05-04 12:45:21] list(lasso_validation_hub_gene, svm_rfe_validation_hub_gene)
INFO [2022-05-04 12:45:21] 
INFO [2022-05-04 12:45:21] $category.names
INFO [2022-05-04 12:45:21] c("LASSO", "SVM-RFE")
INFO [2022-05-04 12:45:21] 
INFO [2022-05-04 12:45:21] $filename
INFO [2022-05-04 12:45:21] [1] "intersection.png"
INFO [2022-05-04 12:45:21] 
INFO [2022-05-04 12:45:21] $output
INFO [2022-05-04 12:45:21] [1] TRUE
INFO [2022-05-04 12:45:21] 
INFO [2022-05-04 12:45:21] $sub.cex
INFO [2022-05-04 12:45:21] [1] 0.3
INFO [2022-05-04 12:45:21] 
INFO [2022-05-04 12:45:21] $lwd
INFO [2022-05-04 12:45:21] [1] 2
INFO [2022-05-04 12:45:21] 
INFO [2022-05-04 12:45:21] $lty
INFO [2022-05-04 12:45:21] [1] "blank"
INFO [2022-05-04 12:45:21] 
INFO [2022-05-04 12:45:21] $fill
INFO [2022-05-04 12:45:21] myCol[1:2]
INFO [2022-05-04 12:45:21] 
INFO [2022-05-04 12:45:21] $cex
INFO [2022-05-04 12:45:21] [1] 0.6
INFO [2022-05-04 12:45:21] 
INFO [2022-05-04 12:45:21] $fontface
INFO [2022-05-04 12:45:21] [1] "bold"
INFO [2022-05-04 12:45:21] 
INFO [2022-05-04 12:45:21] $fontfamily
INFO [2022-05-04 12:45:21] [1] "sans"
INFO [2022-05-04 12:45:21] 
INFO [2022-05-04 12:45:21] $imagetype
INFO [2022-05-04 12:45:21] [1] "png"
INFO [2022-05-04 12:45:21] 
INFO [2022-05-04 12:45:21] $height
INFO [2022-05-04 12:45:21] [1] 1300
INFO [2022-05-04 12:45:21] 
INFO [2022-05-04 12:45:21] $width
INFO [2022-05-04 12:45:21] [1] 1300
INFO [2022-05-04 12:45:21] 
INFO [2022-05-04 12:45:21] $resolution
INFO [2022-05-04 12:45:21] [1] 300
INFO [2022-05-04 12:45:21] 
INFO [2022-05-04 12:45:21] $compression
INFO [2022-05-04 12:45:21] [1] "lzw"
INFO [2022-05-04 12:45:21] 
